[debug] [2024-10-16T19:14:16.406Z] ----------------------------------------------------------------------
[debug] [2024-10-16T19:14:16.416Z] Command:       /Users/jay/.nvm/versions/node/v20.18.0/bin/node /Users/jay/.nvm/versions/node/v20.18.0/bin/firebase deploy
[debug] [2024-10-16T19:14:16.416Z] CLI Version:   13.22.0
[debug] [2024-10-16T19:14:16.416Z] Platform:      darwin
[debug] [2024-10-16T19:14:16.416Z] Node Version:  v20.18.0
[debug] [2024-10-16T19:14:16.416Z] Time:          Thu Oct 17 2024 03:14:16 GMT+0800 (Malaysia Time)
[debug] [2024-10-16T19:14:16.417Z] ----------------------------------------------------------------------
[debug] 
[debug] [2024-10-16T19:14:16.482Z] > command requires scopes: ["email","openid","https://www.googleapis.com/auth/cloudplatformprojects.readonly","https://www.googleapis.com/auth/firebase","https://www.googleapis.com/auth/cloud-platform"]
[debug] [2024-10-16T19:14:16.482Z] > authorizing via signed-in user (sengkit100@gmail.com)
[debug] [2024-10-16T19:14:16.482Z] [iam] checking project chi-se-mo for permissions ["cloudfunctions.functions.create","cloudfunctions.functions.delete","cloudfunctions.functions.get","cloudfunctions.functions.list","cloudfunctions.functions.update","cloudfunctions.operations.get","firebase.projects.get","firebasehosting.sites.update"]
[debug] [2024-10-16T19:14:16.483Z] Checked if tokens are valid: true, expires at: 1729107212955
[debug] [2024-10-16T19:14:16.483Z] Checked if tokens are valid: true, expires at: 1729107212955
[debug] [2024-10-16T19:14:16.484Z] >>> [apiv2][query] POST https://cloudresourcemanager.googleapis.com/v1/projects/chi-se-mo:testIamPermissions [none]
[debug] [2024-10-16T19:14:16.484Z] >>> [apiv2][(partial)header] POST https://cloudresourcemanager.googleapis.com/v1/projects/chi-se-mo:testIamPermissions x-goog-quota-user=projects/chi-se-mo
[debug] [2024-10-16T19:14:16.484Z] >>> [apiv2][body] POST https://cloudresourcemanager.googleapis.com/v1/projects/chi-se-mo:testIamPermissions {"permissions":["cloudfunctions.functions.create","cloudfunctions.functions.delete","cloudfunctions.functions.get","cloudfunctions.functions.list","cloudfunctions.functions.update","cloudfunctions.operations.get","firebase.projects.get","firebasehosting.sites.update"]}
[debug] [2024-10-16T19:14:17.608Z] <<< [apiv2][status] POST https://cloudresourcemanager.googleapis.com/v1/projects/chi-se-mo:testIamPermissions 200
[debug] [2024-10-16T19:14:17.608Z] <<< [apiv2][body] POST https://cloudresourcemanager.googleapis.com/v1/projects/chi-se-mo:testIamPermissions {"permissions":["cloudfunctions.functions.create","cloudfunctions.functions.delete","cloudfunctions.functions.get","cloudfunctions.functions.list","cloudfunctions.functions.update","cloudfunctions.operations.get","firebase.projects.get","firebasehosting.sites.update"]}
[debug] [2024-10-16T19:14:17.609Z] Checked if tokens are valid: true, expires at: 1729107212955
[debug] [2024-10-16T19:14:17.609Z] Checked if tokens are valid: true, expires at: 1729107212955
[debug] [2024-10-16T19:14:17.609Z] >>> [apiv2][query] POST https://iam.googleapis.com/v1/projects/chi-se-mo/serviceAccounts/chi-se-mo@appspot.gserviceaccount.com:testIamPermissions [none]
[debug] [2024-10-16T19:14:17.609Z] >>> [apiv2][body] POST https://iam.googleapis.com/v1/projects/chi-se-mo/serviceAccounts/chi-se-mo@appspot.gserviceaccount.com:testIamPermissions {"permissions":["iam.serviceAccounts.actAs"]}
[debug] [2024-10-16T19:14:19.059Z] <<< [apiv2][status] POST https://iam.googleapis.com/v1/projects/chi-se-mo/serviceAccounts/chi-se-mo@appspot.gserviceaccount.com:testIamPermissions 200
[debug] [2024-10-16T19:14:19.060Z] <<< [apiv2][body] POST https://iam.googleapis.com/v1/projects/chi-se-mo/serviceAccounts/chi-se-mo@appspot.gserviceaccount.com:testIamPermissions {"permissions":["iam.serviceAccounts.actAs"]}
[debug] [2024-10-16T19:14:19.062Z] Checked if tokens are valid: true, expires at: 1729107212955
[debug] [2024-10-16T19:14:19.062Z] Checked if tokens are valid: true, expires at: 1729107212955
[debug] [2024-10-16T19:14:19.062Z] >>> [apiv2][query] GET https://firebase.googleapis.com/v1beta1/projects/chi-se-mo [none]
[debug] [2024-10-16T19:14:19.490Z] <<< [apiv2][status] GET https://firebase.googleapis.com/v1beta1/projects/chi-se-mo 200
[debug] [2024-10-16T19:14:19.490Z] <<< [apiv2][body] GET https://firebase.googleapis.com/v1beta1/projects/chi-se-mo {"projectId":"chi-se-mo","projectNumber":"460919636016","displayName":"chi-she-mo","name":"projects/chi-se-mo","resources":{"hostingSite":"chi-se-mo","realtimeDatabaseInstance":"chi-se-mo-default-rtdb"},"state":"ACTIVE","etag":"1_702461b5-1490-4725-bd46-33a3301a45e7"}
[info] 
[info] === Deploying to 'chi-se-mo'...
[info] 
[info] i  deploying functions, hosting 
[debug] [2024-10-16T19:14:19.495Z] Checked if tokens are valid: true, expires at: 1729107212955
[debug] [2024-10-16T19:14:19.495Z] Checked if tokens are valid: true, expires at: 1729107212955
[debug] [2024-10-16T19:14:19.495Z] >>> [apiv2][query] GET https://firebase.googleapis.com/v1beta1/projects/chi-se-mo [none]
[debug] [2024-10-16T19:14:20.079Z] <<< [apiv2][status] GET https://firebase.googleapis.com/v1beta1/projects/chi-se-mo 200
[debug] [2024-10-16T19:14:20.079Z] <<< [apiv2][body] GET https://firebase.googleapis.com/v1beta1/projects/chi-se-mo {"projectId":"chi-se-mo","projectNumber":"460919636016","displayName":"chi-she-mo","name":"projects/chi-se-mo","resources":{"hostingSite":"chi-se-mo","realtimeDatabaseInstance":"chi-se-mo-default-rtdb"},"state":"ACTIVE","etag":"1_702461b5-1490-4725-bd46-33a3301a45e7"}
[info] i  functions: preparing codebase default for deployment 
[info] i  functions: ensuring required API cloudfunctions.googleapis.com is enabled... 
[debug] [2024-10-16T19:14:20.081Z] Checked if tokens are valid: true, expires at: 1729107212955
[debug] [2024-10-16T19:14:20.081Z] Checked if tokens are valid: true, expires at: 1729107212955
[debug] [2024-10-16T19:14:20.081Z] Checked if tokens are valid: true, expires at: 1729107212955
[debug] [2024-10-16T19:14:20.081Z] Checked if tokens are valid: true, expires at: 1729107212955
[info] i  functions: ensuring required API cloudbuild.googleapis.com is enabled... 
[debug] [2024-10-16T19:14:20.081Z] Checked if tokens are valid: true, expires at: 1729107212955
[debug] [2024-10-16T19:14:20.082Z] Checked if tokens are valid: true, expires at: 1729107212955
[info] i  artifactregistry: ensuring required API artifactregistry.googleapis.com is enabled... 
[debug] [2024-10-16T19:14:20.082Z] Checked if tokens are valid: true, expires at: 1729107212955
[debug] [2024-10-16T19:14:20.082Z] Checked if tokens are valid: true, expires at: 1729107212955
[debug] [2024-10-16T19:14:20.083Z] >>> [apiv2][query] GET https://serviceusage.googleapis.com/v1/projects/chi-se-mo/services/cloudfunctions.googleapis.com [none]
[debug] [2024-10-16T19:14:20.083Z] >>> [apiv2][(partial)header] GET https://serviceusage.googleapis.com/v1/projects/chi-se-mo/services/cloudfunctions.googleapis.com x-goog-quota-user=projects/chi-se-mo
[debug] [2024-10-16T19:14:20.084Z] >>> [apiv2][query] GET https://serviceusage.googleapis.com/v1/projects/chi-se-mo/services/runtimeconfig.googleapis.com [none]
[debug] [2024-10-16T19:14:20.085Z] >>> [apiv2][(partial)header] GET https://serviceusage.googleapis.com/v1/projects/chi-se-mo/services/runtimeconfig.googleapis.com x-goog-quota-user=projects/chi-se-mo
[debug] [2024-10-16T19:14:20.086Z] >>> [apiv2][query] GET https://serviceusage.googleapis.com/v1/projects/chi-se-mo/services/cloudbuild.googleapis.com [none]
[debug] [2024-10-16T19:14:20.086Z] >>> [apiv2][(partial)header] GET https://serviceusage.googleapis.com/v1/projects/chi-se-mo/services/cloudbuild.googleapis.com x-goog-quota-user=projects/chi-se-mo
[debug] [2024-10-16T19:14:20.087Z] >>> [apiv2][query] GET https://serviceusage.googleapis.com/v1/projects/chi-se-mo/services/artifactregistry.googleapis.com [none]
[debug] [2024-10-16T19:14:20.087Z] >>> [apiv2][(partial)header] GET https://serviceusage.googleapis.com/v1/projects/chi-se-mo/services/artifactregistry.googleapis.com x-goog-quota-user=projects/chi-se-mo
[debug] [2024-10-16T19:14:21.726Z] <<< [apiv2][status] GET https://serviceusage.googleapis.com/v1/projects/chi-se-mo/services/runtimeconfig.googleapis.com 200
[debug] [2024-10-16T19:14:21.726Z] <<< [apiv2][body] GET https://serviceusage.googleapis.com/v1/projects/chi-se-mo/services/runtimeconfig.googleapis.com [omitted]
[debug] [2024-10-16T19:14:21.728Z] <<< [apiv2][status] GET https://serviceusage.googleapis.com/v1/projects/chi-se-mo/services/cloudbuild.googleapis.com 200
[debug] [2024-10-16T19:14:21.728Z] <<< [apiv2][body] GET https://serviceusage.googleapis.com/v1/projects/chi-se-mo/services/cloudbuild.googleapis.com [omitted]
[info] ✔  functions: required API cloudbuild.googleapis.com is enabled 
[debug] [2024-10-16T19:14:21.730Z] <<< [apiv2][status] GET https://serviceusage.googleapis.com/v1/projects/chi-se-mo/services/artifactregistry.googleapis.com 200
[debug] [2024-10-16T19:14:21.730Z] <<< [apiv2][body] GET https://serviceusage.googleapis.com/v1/projects/chi-se-mo/services/artifactregistry.googleapis.com [omitted]
[info] ✔  artifactregistry: required API artifactregistry.googleapis.com is enabled 
[debug] [2024-10-16T19:14:21.732Z] <<< [apiv2][status] GET https://serviceusage.googleapis.com/v1/projects/chi-se-mo/services/cloudfunctions.googleapis.com 200
[debug] [2024-10-16T19:14:21.732Z] <<< [apiv2][body] GET https://serviceusage.googleapis.com/v1/projects/chi-se-mo/services/cloudfunctions.googleapis.com [omitted]
[info] ✔  functions: required API cloudfunctions.googleapis.com is enabled 
[debug] [2024-10-16T19:14:21.732Z] Checked if tokens are valid: true, expires at: 1729107212955
[debug] [2024-10-16T19:14:21.732Z] Checked if tokens are valid: true, expires at: 1729107212955
[debug] [2024-10-16T19:14:21.732Z] >>> [apiv2][query] GET https://firebase.googleapis.com/v1beta1/projects/chi-se-mo/adminSdkConfig [none]
[debug] [2024-10-16T19:14:22.131Z] <<< [apiv2][status] GET https://firebase.googleapis.com/v1beta1/projects/chi-se-mo/adminSdkConfig 200
[debug] [2024-10-16T19:14:22.131Z] <<< [apiv2][body] GET https://firebase.googleapis.com/v1beta1/projects/chi-se-mo/adminSdkConfig {"projectId":"chi-se-mo","databaseURL":"https://chi-se-mo-default-rtdb.asia-southeast1.firebasedatabase.app","storageBucket":"chi-se-mo.appspot.com"}
[debug] [2024-10-16T19:14:22.132Z] Checked if tokens are valid: true, expires at: 1729107212955
[debug] [2024-10-16T19:14:22.132Z] Checked if tokens are valid: true, expires at: 1729107212955
[debug] [2024-10-16T19:14:22.132Z] >>> [apiv2][query] GET https://runtimeconfig.googleapis.com/v1beta1/projects/chi-se-mo/configs [none]
[debug] [2024-10-16T19:14:22.439Z] <<< [apiv2][status] GET https://runtimeconfig.googleapis.com/v1beta1/projects/chi-se-mo/configs 200
[debug] [2024-10-16T19:14:22.440Z] <<< [apiv2][body] GET https://runtimeconfig.googleapis.com/v1beta1/projects/chi-se-mo/configs {"configs":[{"name":"projects/chi-se-mo/configs/app"}]}
[debug] [2024-10-16T19:14:22.440Z] Checked if tokens are valid: true, expires at: 1729107212955
[debug] [2024-10-16T19:14:22.441Z] Checked if tokens are valid: true, expires at: 1729107212955
[debug] [2024-10-16T19:14:22.441Z] >>> [apiv2][query] GET https://runtimeconfig.googleapis.com/v1beta1/projects/chi-se-mo/configs/app/variables [none]
[debug] [2024-10-16T19:14:22.702Z] <<< [apiv2][status] GET https://runtimeconfig.googleapis.com/v1beta1/projects/chi-se-mo/configs/app/variables 200
[debug] [2024-10-16T19:14:22.702Z] <<< [apiv2][body] GET https://runtimeconfig.googleapis.com/v1beta1/projects/chi-se-mo/configs/app/variables {"variables":[{"name":"projects/chi-se-mo/configs/app/variables/firebase_app_id","updateTime":"2024-10-16T18:40:16.615618765Z"},{"name":"projects/chi-se-mo/configs/app/variables/firebase_auth_domain","updateTime":"2024-10-16T18:39:53.847048452Z"},{"name":"projects/chi-se-mo/configs/app/variables/firebase_database_url","updateTime":"2024-10-16T18:39:58.345273384Z"},{"name":"projects/chi-se-mo/configs/app/variables/database_url","updateTime":"2024-10-16T18:29:32.283104164Z"},{"name":"projects/chi-se-mo/configs/app/variables/firebase_api_key","updateTime":"2024-10-16T18:39:49.012429550Z"},{"name":"projects/chi-se-mo/configs/app/variables/firebase_messaging_sender_id","updateTime":"2024-10-16T18:40:11.853035991Z"},{"name":"projects/chi-se-mo/configs/app/variables/firebase_project_id","updateTime":"2024-10-16T18:40:02.718480874Z"},{"name":"projects/chi-se-mo/configs/app/variables/firebase_storage_bucket","updateTime":"2024-10-16T18:40:07.324169069Z"}]}
[debug] [2024-10-16T19:14:22.703Z] Checked if tokens are valid: true, expires at: 1729107212955
[debug] [2024-10-16T19:14:22.703Z] Checked if tokens are valid: true, expires at: 1729107212955
[debug] [2024-10-16T19:14:22.703Z] Checked if tokens are valid: true, expires at: 1729107212955
[debug] [2024-10-16T19:14:22.703Z] Checked if tokens are valid: true, expires at: 1729107212955
[debug] [2024-10-16T19:14:22.703Z] Checked if tokens are valid: true, expires at: 1729107212955
[debug] [2024-10-16T19:14:22.703Z] Checked if tokens are valid: true, expires at: 1729107212955
[debug] [2024-10-16T19:14:22.703Z] Checked if tokens are valid: true, expires at: 1729107212955
[debug] [2024-10-16T19:14:22.703Z] Checked if tokens are valid: true, expires at: 1729107212955
[debug] [2024-10-16T19:14:22.703Z] Checked if tokens are valid: true, expires at: 1729107212955
[debug] [2024-10-16T19:14:22.704Z] Checked if tokens are valid: true, expires at: 1729107212955
[debug] [2024-10-16T19:14:22.704Z] Checked if tokens are valid: true, expires at: 1729107212955
[debug] [2024-10-16T19:14:22.704Z] Checked if tokens are valid: true, expires at: 1729107212955
[debug] [2024-10-16T19:14:22.704Z] Checked if tokens are valid: true, expires at: 1729107212955
[debug] [2024-10-16T19:14:22.704Z] Checked if tokens are valid: true, expires at: 1729107212955
[debug] [2024-10-16T19:14:22.704Z] Checked if tokens are valid: true, expires at: 1729107212955
[debug] [2024-10-16T19:14:22.704Z] Checked if tokens are valid: true, expires at: 1729107212955
[debug] [2024-10-16T19:14:22.704Z] >>> [apiv2][query] GET https://runtimeconfig.googleapis.com/v1beta1/projects/chi-se-mo/configs/app/variables/firebase_app_id [none]
[debug] [2024-10-16T19:14:22.705Z] >>> [apiv2][query] GET https://runtimeconfig.googleapis.com/v1beta1/projects/chi-se-mo/configs/app/variables/firebase_auth_domain [none]
[debug] [2024-10-16T19:14:22.709Z] >>> [apiv2][query] GET https://runtimeconfig.googleapis.com/v1beta1/projects/chi-se-mo/configs/app/variables/firebase_database_url [none]
[debug] [2024-10-16T19:14:22.712Z] >>> [apiv2][query] GET https://runtimeconfig.googleapis.com/v1beta1/projects/chi-se-mo/configs/app/variables/database_url [none]
[debug] [2024-10-16T19:14:22.715Z] >>> [apiv2][query] GET https://runtimeconfig.googleapis.com/v1beta1/projects/chi-se-mo/configs/app/variables/firebase_api_key [none]
[debug] [2024-10-16T19:14:22.717Z] >>> [apiv2][query] GET https://runtimeconfig.googleapis.com/v1beta1/projects/chi-se-mo/configs/app/variables/firebase_messaging_sender_id [none]
[debug] [2024-10-16T19:14:22.719Z] >>> [apiv2][query] GET https://runtimeconfig.googleapis.com/v1beta1/projects/chi-se-mo/configs/app/variables/firebase_project_id [none]
[debug] [2024-10-16T19:14:22.721Z] >>> [apiv2][query] GET https://runtimeconfig.googleapis.com/v1beta1/projects/chi-se-mo/configs/app/variables/firebase_storage_bucket [none]
[debug] [2024-10-16T19:14:22.981Z] <<< [apiv2][status] GET https://runtimeconfig.googleapis.com/v1beta1/projects/chi-se-mo/configs/app/variables/firebase_storage_bucket 200
[debug] [2024-10-16T19:14:22.981Z] <<< [apiv2][body] GET https://runtimeconfig.googleapis.com/v1beta1/projects/chi-se-mo/configs/app/variables/firebase_storage_bucket {"name":"projects/chi-se-mo/configs/app/variables/firebase_storage_bucket","updateTime":"2024-10-16T18:40:07.324169069Z","text":"chi-se-mo.appspot.com"}
[debug] [2024-10-16T19:14:22.984Z] <<< [apiv2][status] GET https://runtimeconfig.googleapis.com/v1beta1/projects/chi-se-mo/configs/app/variables/firebase_app_id 200
[debug] [2024-10-16T19:14:22.984Z] <<< [apiv2][body] GET https://runtimeconfig.googleapis.com/v1beta1/projects/chi-se-mo/configs/app/variables/firebase_app_id {"name":"projects/chi-se-mo/configs/app/variables/firebase_app_id","updateTime":"2024-10-16T18:40:16.615618765Z","text":"1:460919636016:web:07051c3573000ca1b12df5"}
[debug] [2024-10-16T19:14:22.997Z] <<< [apiv2][status] GET https://runtimeconfig.googleapis.com/v1beta1/projects/chi-se-mo/configs/app/variables/database_url 200
[debug] [2024-10-16T19:14:22.998Z] <<< [apiv2][body] GET https://runtimeconfig.googleapis.com/v1beta1/projects/chi-se-mo/configs/app/variables/database_url {"name":"projects/chi-se-mo/configs/app/variables/database_url","updateTime":"2024-10-16T18:29:32.283104164Z","text":"https://chi-se-mo-default-rtdb.asia-southeast1.firebasedatabase.app"}
[debug] [2024-10-16T19:14:23.000Z] <<< [apiv2][status] GET https://runtimeconfig.googleapis.com/v1beta1/projects/chi-se-mo/configs/app/variables/firebase_project_id 200
[debug] [2024-10-16T19:14:23.000Z] <<< [apiv2][body] GET https://runtimeconfig.googleapis.com/v1beta1/projects/chi-se-mo/configs/app/variables/firebase_project_id {"name":"projects/chi-se-mo/configs/app/variables/firebase_project_id","updateTime":"2024-10-16T18:40:02.718480874Z","text":"chi-se-mo"}
[debug] [2024-10-16T19:14:23.000Z] <<< [apiv2][status] GET https://runtimeconfig.googleapis.com/v1beta1/projects/chi-se-mo/configs/app/variables/firebase_database_url 200
[debug] [2024-10-16T19:14:23.000Z] <<< [apiv2][body] GET https://runtimeconfig.googleapis.com/v1beta1/projects/chi-se-mo/configs/app/variables/firebase_database_url {"name":"projects/chi-se-mo/configs/app/variables/firebase_database_url","updateTime":"2024-10-16T18:39:58.345273384Z","text":"https://chi-se-mo-default-rtdb.asia-southeast1.firebasedatabase.app"}
[debug] [2024-10-16T19:14:23.003Z] <<< [apiv2][status] GET https://runtimeconfig.googleapis.com/v1beta1/projects/chi-se-mo/configs/app/variables/firebase_messaging_sender_id 200
[debug] [2024-10-16T19:14:23.003Z] <<< [apiv2][body] GET https://runtimeconfig.googleapis.com/v1beta1/projects/chi-se-mo/configs/app/variables/firebase_messaging_sender_id {"name":"projects/chi-se-mo/configs/app/variables/firebase_messaging_sender_id","updateTime":"2024-10-16T18:40:11.853035991Z","text":"460919636016"}
[debug] [2024-10-16T19:14:23.010Z] <<< [apiv2][status] GET https://runtimeconfig.googleapis.com/v1beta1/projects/chi-se-mo/configs/app/variables/firebase_auth_domain 200
[debug] [2024-10-16T19:14:23.010Z] <<< [apiv2][body] GET https://runtimeconfig.googleapis.com/v1beta1/projects/chi-se-mo/configs/app/variables/firebase_auth_domain {"name":"projects/chi-se-mo/configs/app/variables/firebase_auth_domain","updateTime":"2024-10-16T18:39:53.847048452Z","text":"chi-se-mo.firebaseapp.com"}
[debug] [2024-10-16T19:14:23.021Z] <<< [apiv2][status] GET https://runtimeconfig.googleapis.com/v1beta1/projects/chi-se-mo/configs/app/variables/firebase_api_key 200
[debug] [2024-10-16T19:14:23.021Z] <<< [apiv2][body] GET https://runtimeconfig.googleapis.com/v1beta1/projects/chi-se-mo/configs/app/variables/firebase_api_key {"name":"projects/chi-se-mo/configs/app/variables/firebase_api_key","updateTime":"2024-10-16T18:39:49.012429550Z","text":"AIzaSyBTybXLML4LVemnnav7vAvvlwbd9XE0WQc"}
[debug] [2024-10-16T19:14:23.023Z] Validating nodejs source
[warn] ⚠  functions: package.json indicates an outdated version of firebase-functions. Please upgrade using npm install --save firebase-functions@latest in your functions directory. 
[warn] ⚠  functions: Please note that there will be breaking changes when you upgrade. 
[debug] [2024-10-16T19:14:23.651Z] > [functions] package.json contents: {
  "name": "functions",
  "description": "Cloud Functions for Firebase",
  "scripts": {
    "serve": "firebase emulators:start --only functions",
    "shell": "firebase functions:shell",
    "start": "npm run shell",
    "deploy": "firebase deploy --only functions",
    "logs": "firebase functions:log"
  },
  "engines": {
    "node": "18"
  },
  "main": "index.js",
  "dependencies": {
    "cors": "^2.8.5",
    "dotenv": "^16.4.5",
    "express": "^4.21.1",
    "firebase": "^10.14.1",
    "firebase-admin": "^12.6.0",
    "firebase-functions": "^5.0.0",
    "node-fetch": "^2.7.0"
  },
  "devDependencies": {
    "firebase-functions-test": "^3.1.0"
  },
  "private": true
}
[debug] [2024-10-16T19:14:23.651Z] Building nodejs source
[info] i  functions: Loading and analyzing source code for codebase default to determine what to deploy 
[debug] [2024-10-16T19:14:23.652Z] Could not find functions.yaml. Must use http discovery
[debug] [2024-10-16T19:14:23.657Z] Found firebase-functions binary at '/Users/jay/Documents/GitHub/chi-she-mo/functions/node_modules/.bin/firebase-functions'
[info] Serving at port 8289

[debug] [2024-10-16T19:14:24.157Z] Got response from /__/functions.yaml {"endpoints":{"api":{"platform":"gcfv1","availableMemoryMb":null,"timeoutSeconds":null,"minInstances":null,"maxInstances":null,"ingressSettings":null,"serviceAccountEmail":null,"vpc":null,"httpsTrigger":{},"entryPoint":"api"}},"specVersion":"v1alpha1","requiredAPIs":[],"extensions":{}}
[info] i  extensions: ensuring required API firebaseextensions.googleapis.com is enabled... 
[debug] [2024-10-16T19:14:28.180Z] Checked if tokens are valid: true, expires at: 1729107212955
[debug] [2024-10-16T19:14:28.180Z] Checked if tokens are valid: true, expires at: 1729107212955
[debug] [2024-10-16T19:14:28.180Z] >>> [apiv2][query] GET https://serviceusage.googleapis.com/v1/projects/chi-se-mo/services/firebaseextensions.googleapis.com [none]
[debug] [2024-10-16T19:14:28.180Z] >>> [apiv2][(partial)header] GET https://serviceusage.googleapis.com/v1/projects/chi-se-mo/services/firebaseextensions.googleapis.com x-goog-quota-user=projects/chi-se-mo
[debug] [2024-10-16T19:14:29.817Z] <<< [apiv2][status] GET https://serviceusage.googleapis.com/v1/projects/chi-se-mo/services/firebaseextensions.googleapis.com 200
[debug] [2024-10-16T19:14:29.817Z] <<< [apiv2][body] GET https://serviceusage.googleapis.com/v1/projects/chi-se-mo/services/firebaseextensions.googleapis.com [omitted]
[info] ✔  extensions: required API firebaseextensions.googleapis.com is enabled 
[debug] [2024-10-16T19:14:29.818Z] > command requires scopes: ["email","openid","https://www.googleapis.com/auth/cloudplatformprojects.readonly","https://www.googleapis.com/auth/firebase","https://www.googleapis.com/auth/cloud-platform"]
[debug] [2024-10-16T19:14:29.819Z] > authorizing via signed-in user (sengkit100@gmail.com)
[debug] [2024-10-16T19:14:29.819Z] [iam] checking project chi-se-mo for permissions ["firebase.projects.get","firebaseextensions.instances.list"]
[debug] [2024-10-16T19:14:29.819Z] Checked if tokens are valid: true, expires at: 1729107212955
[debug] [2024-10-16T19:14:29.819Z] Checked if tokens are valid: true, expires at: 1729107212955
[debug] [2024-10-16T19:14:29.820Z] >>> [apiv2][query] POST https://cloudresourcemanager.googleapis.com/v1/projects/chi-se-mo:testIamPermissions [none]
[debug] [2024-10-16T19:14:29.820Z] >>> [apiv2][(partial)header] POST https://cloudresourcemanager.googleapis.com/v1/projects/chi-se-mo:testIamPermissions x-goog-quota-user=projects/chi-se-mo
[debug] [2024-10-16T19:14:29.820Z] >>> [apiv2][body] POST https://cloudresourcemanager.googleapis.com/v1/projects/chi-se-mo:testIamPermissions {"permissions":["firebase.projects.get","firebaseextensions.instances.list"]}
[debug] [2024-10-16T19:14:30.880Z] <<< [apiv2][status] POST https://cloudresourcemanager.googleapis.com/v1/projects/chi-se-mo:testIamPermissions 200
[debug] [2024-10-16T19:14:30.880Z] <<< [apiv2][body] POST https://cloudresourcemanager.googleapis.com/v1/projects/chi-se-mo:testIamPermissions {"permissions":["firebase.projects.get","firebaseextensions.instances.list"]}
[debug] [2024-10-16T19:14:30.881Z] Checked if tokens are valid: true, expires at: 1729107212955
[debug] [2024-10-16T19:14:30.881Z] Checked if tokens are valid: true, expires at: 1729107212955
[debug] [2024-10-16T19:14:30.883Z] >>> [apiv2][query] GET https://firebaseextensions.googleapis.com/v1beta/projects/chi-se-mo/instances pageSize=100&pageToken=
